-- Found ament_cmake: 1.3.5 (/opt/ros/humble/share/ament_cmake/cmake)
-- Found rosidl_default_generators: 1.2.0 (/opt/ros/humble/share/rosidl_default_generators/cmake)
-- Using all available rosidl_typesupport_c: rosidl_typesupport_fastrtps_c;rosidl_typesupport_introspection_c
-- Found rosidl_adapter: 3.1.5 (/opt/ros/humble/share/rosidl_adapter/cmake)
-- Using all available rosidl_typesupport_cpp: rosidl_typesupport_fastrtps_cpp;rosidl_typesupport_introspection_cpp
-- Found ament_cmake_ros: 0.10.0 (/opt/ros/humble/share/ament_cmake_ros/cmake)
-- Using all available rosidl_typesupport_c: rosidl_typesupport_fastrtps_c;rosidl_typesupport_introspection_c
-- Using all available rosidl_typesupport_cpp: rosidl_typesupport_fastrtps_cpp;rosidl_typesupport_introspection_cpp
-- Found python_cmake_module: 0.10.0 (/opt/ros/humble/share/python_cmake_module/cmake)
-- Using PYTHON_EXECUTABLE: /usr/bin/python3
-- Using PYTHON_INCLUDE_DIRS: /usr/include/python3.10
-- Using PYTHON_LIBRARIES: /usr/lib/x86_64-linux-gnu/libpython3.10.so
-- Found ament_lint_auto: 0.12.8 (/opt/ros/humble/share/ament_lint_auto/cmake)
-- Added test 'copyright' to check source files copyright and LICENSE
-- Added test 'cppcheck' to perform static code analysis on C / C++ code
-- Configured cppcheck include dirs: $<BUILD_INTERFACE:/home/adm_bur7746m/v2x-mesages/build/v2x/rosidl_generator_c>;$<BUILD_INTERFACE:/home/adm_bur7746m/v2x-mesages/build/v2x/rosidl_typesupport_fastrtps_c>;$<BUILD_INTERFACE:/home/adm_bur7746m/v2x-mesages/build/v2x/rosidl_typesupport_introspection_c>;$<BUILD_INTERFACE:/home/adm_bur7746m/v2x-mesages/build/v2x/rosidl_generator_cpp>;$<BUILD_INTERFACE:/home/adm_bur7746m/v2x-mesages/build/v2x/rosidl_typesupport_fastrtps_cpp>;$<BUILD_INTERFACE:/home/adm_bur7746m/v2x-mesages/build/v2x/rosidl_typesupport_introspection_cpp>;/home/adm_bur7746m/v2x-mesages/build/v2x/rosidl_generator_c;/home/adm_bur7746m/v2x-mesages/build/v2x/rosidl_generator_py
-- Configured cppcheck exclude dirs and/or files: 
-- Added test 'cpplint' to check C / C++ code against the Google style
-- Configured cpplint exclude dirs and/or files: 
-- Added test 'flake8' to check Python code syntax and style conventions
-- Added test 'lint_cmake' to check CMake code style
-- Added test 'pep257' to check Python code against some of the docstring style conventions in PEP 257
-- Added test 'uncrustify' to check C / C++ code style
-- Configured uncrustify additional arguments: 
-- Added test 'xmllint' to check XML markup files
-- Configuring done
-- Generating done
-- Build files have been written to: /home/adm_bur7746m/v2x-mesages/build/v2x
[  3%] Built target v2x__cpp
[  6%] [32mBuilding C object CMakeFiles/v2x__rosidl_generator_c.dir/rosidl_generator_c/v2x/msg/detail/acceleration3d_with_confidence__functions.c.o[0m
[  6%] Built target ament_cmake_python_copy_v2x
In file included from [01m[K/home/adm_bur7746m/v2x-mesages/build/v2x/rosidl_generator_c/v2x/msg/detail/acceleration3d_with_confidence__functions.h:19[m[K,
                 from [01m[K/home/adm_bur7746m/v2x-mesages/build/v2x/rosidl_generator_c/v2x/msg/detail/acceleration3d_with_confidence__functions.c:4[m[K:
[01m[K/home/adm_bur7746m/v2x-mesages/build/v2x/rosidl_generator_c/v2x/msg/detail/acceleration3d_with_confidence__struct.h:22:10:[m[K [01;31m[Kfatal error: [m[Kv2x/msg/detail/acceleration_polar_with_z__struct.h: Datei oder Verzeichnis nicht gefunden
   22 | #include [01;31m[K"v2x/msg/detail/acceleration_polar_with_z__struct.h"[m[K
      |          [01;31m[K^~~~~~~~~~~~~~~~~~~~~~~~~~~~~~~~~~~~~~~~~~~~~~~~~~~~[m[K
compilation terminated.
[  9%] [32mBuilding CXX object CMakeFiles/v2x__rosidl_typesupport_fastrtps_cpp.dir/rosidl_typesupport_fastrtps_cpp/v2x/msg/detail/dds_fastrtps/acceleration3d_with_confidence__type_support.cpp.o[0m
[ 12%] [32mBuilding CXX object CMakeFiles/v2x__rosidl_typesupport_cpp.dir/rosidl_typesupport_cpp/v2x/msg/acceleration3d_with_confidence__type_support.cpp.o[0m
[ 16%] [32mBuilding CXX object CMakeFiles/v2x__rosidl_typesupport_introspection_cpp.dir/rosidl_typesupport_introspection_cpp/v2x/msg/detail/acceleration3d_with_confidence__type_support.cpp.o[0m
gmake[2]: *** [CMakeFiles/v2x__rosidl_generator_c.dir/build.make:105: CMakeFiles/v2x__rosidl_generator_c.dir/rosidl_generator_c/v2x/msg/detail/acceleration3d_with_confidence__functions.c.o] Fehler 1
gmake[1]: *** [CMakeFiles/Makefile2:213: CMakeFiles/v2x__rosidl_generator_c.dir/all] Fehler 2
gmake[1]: *** Auf noch nicht beendete Prozesse wird gewartet â€¦
In file included from [01m[K/home/adm_bur7746m/v2x-mesages/build/v2x/rosidl_typesupport_fastrtps_cpp/v2x/msg/detail/acceleration3d_with_confidence__rosidl_typesupport_fastrtps_cpp.hpp:11[m[K,
                 from [01m[K/home/adm_bur7746m/v2x-mesages/build/v2x/rosidl_typesupport_fastrtps_cpp/v2x/msg/detail/dds_fastrtps/acceleration3d_with_confidence__type_support.cpp:4[m[K:
[01m[K/home/adm_bur7746m/v2x-mesages/build/v2x/rosidl_generator_cpp/v2x/msg/detail/acceleration3d_with_confidence__struct.hpp:20:10:[m[K [01;31m[Kfatal error: [m[Kv2x/msg/detail/acceleration_polar_with_z__struct.hpp: Datei oder Verzeichnis nicht gefunden
   20 | #include [01;31m[K"v2x/msg/detail/acceleration_polar_with_z__struct.hpp"[m[K
      |          [01;31m[K^~~~~~~~~~~~~~~~~~~~~~~~~~~~~~~~~~~~~~~~~~~~~~~~~~~~~~[m[K
compilation terminated.
In file included from [01m[K/home/adm_bur7746m/v2x-mesages/build/v2x/rosidl_typesupport_cpp/v2x/msg/acceleration3d_with_confidence__type_support.cpp:7[m[K:
[01m[K/home/adm_bur7746m/v2x-mesages/build/v2x/rosidl_generator_cpp/v2x/msg/detail/acceleration3d_with_confidence__struct.hpp:20:10:[m[K [01;31m[Kfatal error: [m[Kv2x/msg/detail/acceleration_polar_with_z__struct.hpp: Datei oder Verzeichnis nicht gefunden
   20 | #include [01;31m[K"v2x/msg/detail/acceleration_polar_with_z__struct.hpp"[m[K
      |          [01;31m[K^~~~~~~~~~~~~~~~~~~~~~~~~~~~~~~~~~~~~~~~~~~~~~~~~~~~~~[m[K
compilation terminated.
gmake[2]: *** [CMakeFiles/v2x__rosidl_typesupport_fastrtps_cpp.dir/build.make:91: CMakeFiles/v2x__rosidl_typesupport_fastrtps_cpp.dir/rosidl_typesupport_fastrtps_cpp/v2x/msg/detail/dds_fastrtps/acceleration3d_with_confidence__type_support.cpp.o] Fehler 1
gmake[1]: *** [CMakeFiles/Makefile2:343: CMakeFiles/v2x__rosidl_typesupport_fastrtps_cpp.dir/all] Fehler 2
gmake[2]: *** [CMakeFiles/v2x__rosidl_typesupport_cpp.dir/build.make:86: CMakeFiles/v2x__rosidl_typesupport_cpp.dir/rosidl_typesupport_cpp/v2x/msg/acceleration3d_with_confidence__type_support.cpp.o] Fehler 1
gmake[1]: *** [CMakeFiles/Makefile2:395: CMakeFiles/v2x__rosidl_typesupport_cpp.dir/all] Fehler 2
In file included from [01m[K/home/adm_bur7746m/v2x-mesages/build/v2x/rosidl_typesupport_introspection_cpp/v2x/msg/detail/acceleration3d_with_confidence__type_support.cpp:12[m[K:
[01m[K/home/adm_bur7746m/v2x-mesages/build/v2x/rosidl_generator_cpp/v2x/msg/detail/acceleration3d_with_confidence__struct.hpp:20:10:[m[K [01;31m[Kfatal error: [m[Kv2x/msg/detail/acceleration_polar_with_z__struct.hpp: Datei oder Verzeichnis nicht gefunden
   20 | #include [01;31m[K"v2x/msg/detail/acceleration_polar_with_z__struct.hpp"[m[K
      |          [01;31m[K^~~~~~~~~~~~~~~~~~~~~~~~~~~~~~~~~~~~~~~~~~~~~~~~~~~~~~[m[K
compilation terminated.
gmake[2]: *** [CMakeFiles/v2x__rosidl_typesupport_introspection_cpp.dir/build.make:91: CMakeFiles/v2x__rosidl_typesupport_introspection_cpp.dir/rosidl_typesupport_introspection_cpp/v2x/msg/detail/acceleration3d_with_confidence__type_support.cpp.o] Fehler 1
gmake[1]: *** [CMakeFiles/Makefile2:369: CMakeFiles/v2x__rosidl_typesupport_introspection_cpp.dir/all] Fehler 2
running egg_info
writing v2x.egg-info/PKG-INFO
writing dependency_links to v2x.egg-info/dependency_links.txt
writing top-level names to v2x.egg-info/top_level.txt
reading manifest file 'v2x.egg-info/SOURCES.txt'
writing manifest file 'v2x.egg-info/SOURCES.txt'
[ 16%] Built target ament_cmake_python_build_v2x_egg
gmake: *** [Makefile:146: all] Fehler 2
