[0.161s] Invoking command in '/home/adm_bur7746m/v2x-mesages/build/v2x': CMAKE_PREFIX_PATH=/opt/ros/humble:/opt/ros/foxy /usr/bin/cmake --build /home/adm_bur7746m/v2x-mesages/build/v2x -- -j8 -l8
[0.194s] -- Found ament_cmake: 1.3.5 (/opt/ros/humble/share/ament_cmake/cmake)
[0.379s] -- Found rosidl_default_generators: 1.2.0 (/opt/ros/humble/share/rosidl_default_generators/cmake)
[0.384s] -- Using all available rosidl_typesupport_c: rosidl_typesupport_fastrtps_c;rosidl_typesupport_introspection_c
[0.393s] -- Found rosidl_adapter: 3.1.5 (/opt/ros/humble/share/rosidl_adapter/cmake)
[0.455s] -- Using all available rosidl_typesupport_cpp: rosidl_typesupport_fastrtps_cpp;rosidl_typesupport_introspection_cpp
[0.810s] -- Found ament_cmake_ros: 0.10.0 (/opt/ros/humble/share/ament_cmake_ros/cmake)
[1.076s] -- Using all available rosidl_typesupport_c: rosidl_typesupport_fastrtps_c;rosidl_typesupport_introspection_c
[1.423s] -- Using all available rosidl_typesupport_cpp: rosidl_typesupport_fastrtps_cpp;rosidl_typesupport_introspection_cpp
[1.455s] -- Found python_cmake_module: 0.10.0 (/opt/ros/humble/share/python_cmake_module/cmake)
[1.485s] -- Using PYTHON_EXECUTABLE: /usr/bin/python3
[1.485s] -- Using PYTHON_INCLUDE_DIRS: /usr/include/python3.10
[1.486s] -- Using PYTHON_LIBRARIES: /usr/lib/x86_64-linux-gnu/libpython3.10.so
[1.511s] -- Found ament_lint_auto: 0.12.8 (/opt/ros/humble/share/ament_lint_auto/cmake)
[1.532s] -- Added test 'copyright' to check source files copyright and LICENSE
[1.585s] -- Added test 'cppcheck' to perform static code analysis on C / C++ code
[1.586s] -- Configured cppcheck include dirs: $<BUILD_INTERFACE:/home/adm_bur7746m/v2x-mesages/build/v2x/rosidl_generator_c>;$<BUILD_INTERFACE:/home/adm_bur7746m/v2x-mesages/build/v2x/rosidl_typesupport_fastrtps_c>;$<BUILD_INTERFACE:/home/adm_bur7746m/v2x-mesages/build/v2x/rosidl_typesupport_introspection_c>;$<BUILD_INTERFACE:/home/adm_bur7746m/v2x-mesages/build/v2x/rosidl_generator_cpp>;$<BUILD_INTERFACE:/home/adm_bur7746m/v2x-mesages/build/v2x/rosidl_typesupport_fastrtps_cpp>;$<BUILD_INTERFACE:/home/adm_bur7746m/v2x-mesages/build/v2x/rosidl_typesupport_introspection_cpp>;/home/adm_bur7746m/v2x-mesages/build/v2x/rosidl_generator_c;/home/adm_bur7746m/v2x-mesages/build/v2x/rosidl_generator_py
[1.586s] -- Configured cppcheck exclude dirs and/or files: 
[1.628s] -- Added test 'cpplint' to check C / C++ code against the Google style
[1.628s] -- Configured cpplint exclude dirs and/or files: 
[1.636s] -- Added test 'flake8' to check Python code syntax and style conventions
[1.647s] -- Added test 'lint_cmake' to check CMake code style
[1.653s] -- Added test 'pep257' to check Python code against some of the docstring style conventions in PEP 257
[1.695s] -- Added test 'uncrustify' to check C / C++ code style
[1.695s] -- Configured uncrustify additional arguments: 
[1.700s] -- Added test 'xmllint' to check XML markup files
[1.702s] -- Configuring done
[1.738s] -- Generating done
[1.743s] -- Build files have been written to: /home/adm_bur7746m/v2x-mesages/build/v2x
[1.783s] [  3%] Built target v2x__cpp
[1.783s] [  6%] [32mBuilding C object CMakeFiles/v2x__rosidl_generator_c.dir/rosidl_generator_c/v2x/msg/detail/acceleration3d_with_confidence__functions.c.o[0m
[1.794s] [  6%] Built target ament_cmake_python_copy_v2x
[1.801s] In file included from [01m[K/home/adm_bur7746m/v2x-mesages/build/v2x/rosidl_generator_c/v2x/msg/detail/acceleration3d_with_confidence__functions.h:19[m[K,
[1.801s]                  from [01m[K/home/adm_bur7746m/v2x-mesages/build/v2x/rosidl_generator_c/v2x/msg/detail/acceleration3d_with_confidence__functions.c:4[m[K:
[1.801s] [01m[K/home/adm_bur7746m/v2x-mesages/build/v2x/rosidl_generator_c/v2x/msg/detail/acceleration3d_with_confidence__struct.h:22:10:[m[K [01;31m[Kfatal error: [m[Kv2x/msg/detail/acceleration_polar_with_z__struct.h: Datei oder Verzeichnis nicht gefunden
[1.801s]    22 | #include [01;31m[K"v2x/msg/detail/acceleration_polar_with_z__struct.h"[m[K
[1.801s]       |          [01;31m[K^~~~~~~~~~~~~~~~~~~~~~~~~~~~~~~~~~~~~~~~~~~~~~~~~~~~[m[K
[1.802s] compilation terminated.
[1.804s] [  9%] [32mBuilding CXX object CMakeFiles/v2x__rosidl_typesupport_fastrtps_cpp.dir/rosidl_typesupport_fastrtps_cpp/v2x/msg/detail/dds_fastrtps/acceleration3d_with_confidence__type_support.cpp.o[0m
[1.805s] [ 12%] [32mBuilding CXX object CMakeFiles/v2x__rosidl_typesupport_cpp.dir/rosidl_typesupport_cpp/v2x/msg/acceleration3d_with_confidence__type_support.cpp.o[0m
[1.807s] [ 16%] [32mBuilding CXX object CMakeFiles/v2x__rosidl_typesupport_introspection_cpp.dir/rosidl_typesupport_introspection_cpp/v2x/msg/detail/acceleration3d_with_confidence__type_support.cpp.o[0m
[1.844s] gmake[2]: *** [CMakeFiles/v2x__rosidl_generator_c.dir/build.make:105: CMakeFiles/v2x__rosidl_generator_c.dir/rosidl_generator_c/v2x/msg/detail/acceleration3d_with_confidence__functions.c.o] Fehler 1
[1.845s] gmake[1]: *** [CMakeFiles/Makefile2:213: CMakeFiles/v2x__rosidl_generator_c.dir/all] Fehler 2
[1.845s] gmake[1]: *** Auf noch nicht beendete Prozesse wird gewartet â€¦
[1.871s] In file included from [01m[K/home/adm_bur7746m/v2x-mesages/build/v2x/rosidl_typesupport_fastrtps_cpp/v2x/msg/detail/acceleration3d_with_confidence__rosidl_typesupport_fastrtps_cpp.hpp:11[m[K,
[1.871s]                  from [01m[K/home/adm_bur7746m/v2x-mesages/build/v2x/rosidl_typesupport_fastrtps_cpp/v2x/msg/detail/dds_fastrtps/acceleration3d_with_confidence__type_support.cpp:4[m[K:
[1.871s] [01m[K/home/adm_bur7746m/v2x-mesages/build/v2x/rosidl_generator_cpp/v2x/msg/detail/acceleration3d_with_confidence__struct.hpp:20:10:[m[K [01;31m[Kfatal error: [m[Kv2x/msg/detail/acceleration_polar_with_z__struct.hpp: Datei oder Verzeichnis nicht gefunden
[1.871s]    20 | #include [01;31m[K"v2x/msg/detail/acceleration_polar_with_z__struct.hpp"[m[K
[1.871s]       |          [01;31m[K^~~~~~~~~~~~~~~~~~~~~~~~~~~~~~~~~~~~~~~~~~~~~~~~~~~~~~[m[K
[1.872s] compilation terminated.
[1.872s] In file included from [01m[K/home/adm_bur7746m/v2x-mesages/build/v2x/rosidl_typesupport_cpp/v2x/msg/acceleration3d_with_confidence__type_support.cpp:7[m[K:
[1.872s] [01m[K/home/adm_bur7746m/v2x-mesages/build/v2x/rosidl_generator_cpp/v2x/msg/detail/acceleration3d_with_confidence__struct.hpp:20:10:[m[K [01;31m[Kfatal error: [m[Kv2x/msg/detail/acceleration_polar_with_z__struct.hpp: Datei oder Verzeichnis nicht gefunden
[1.872s]    20 | #include [01;31m[K"v2x/msg/detail/acceleration_polar_with_z__struct.hpp"[m[K
[1.872s]       |          [01;31m[K^~~~~~~~~~~~~~~~~~~~~~~~~~~~~~~~~~~~~~~~~~~~~~~~~~~~~~[m[K
[1.873s] compilation terminated.
[1.873s] gmake[2]: *** [CMakeFiles/v2x__rosidl_typesupport_fastrtps_cpp.dir/build.make:91: CMakeFiles/v2x__rosidl_typesupport_fastrtps_cpp.dir/rosidl_typesupport_fastrtps_cpp/v2x/msg/detail/dds_fastrtps/acceleration3d_with_confidence__type_support.cpp.o] Fehler 1
[1.873s] gmake[1]: *** [CMakeFiles/Makefile2:343: CMakeFiles/v2x__rosidl_typesupport_fastrtps_cpp.dir/all] Fehler 2
[1.873s] gmake[2]: *** [CMakeFiles/v2x__rosidl_typesupport_cpp.dir/build.make:86: CMakeFiles/v2x__rosidl_typesupport_cpp.dir/rosidl_typesupport_cpp/v2x/msg/acceleration3d_with_confidence__type_support.cpp.o] Fehler 1
[1.873s] gmake[1]: *** [CMakeFiles/Makefile2:395: CMakeFiles/v2x__rosidl_typesupport_cpp.dir/all] Fehler 2
[1.877s] In file included from [01m[K/home/adm_bur7746m/v2x-mesages/build/v2x/rosidl_typesupport_introspection_cpp/v2x/msg/detail/acceleration3d_with_confidence__type_support.cpp:12[m[K:
[1.878s] [01m[K/home/adm_bur7746m/v2x-mesages/build/v2x/rosidl_generator_cpp/v2x/msg/detail/acceleration3d_with_confidence__struct.hpp:20:10:[m[K [01;31m[Kfatal error: [m[Kv2x/msg/detail/acceleration_polar_with_z__struct.hpp: Datei oder Verzeichnis nicht gefunden
[1.878s]    20 | #include [01;31m[K"v2x/msg/detail/acceleration_polar_with_z__struct.hpp"[m[K
[1.878s]       |          [01;31m[K^~~~~~~~~~~~~~~~~~~~~~~~~~~~~~~~~~~~~~~~~~~~~~~~~~~~~~[m[K
[1.878s] compilation terminated.
[1.879s] gmake[2]: *** [CMakeFiles/v2x__rosidl_typesupport_introspection_cpp.dir/build.make:91: CMakeFiles/v2x__rosidl_typesupport_introspection_cpp.dir/rosidl_typesupport_introspection_cpp/v2x/msg/detail/acceleration3d_with_confidence__type_support.cpp.o] Fehler 1
[1.879s] gmake[1]: *** [CMakeFiles/Makefile2:369: CMakeFiles/v2x__rosidl_typesupport_introspection_cpp.dir/all] Fehler 2
[2.162s] running egg_info
[2.162s] writing v2x.egg-info/PKG-INFO
[2.163s] writing dependency_links to v2x.egg-info/dependency_links.txt
[2.163s] writing top-level names to v2x.egg-info/top_level.txt
[2.168s] reading manifest file 'v2x.egg-info/SOURCES.txt'
[2.169s] writing manifest file 'v2x.egg-info/SOURCES.txt'
[2.199s] [ 16%] Built target ament_cmake_python_build_v2x_egg
[2.201s] gmake: *** [Makefile:146: all] Fehler 2
[2.204s] Invoked command in '/home/adm_bur7746m/v2x-mesages/build/v2x' returned '2': CMAKE_PREFIX_PATH=/opt/ros/humble:/opt/ros/foxy /usr/bin/cmake --build /home/adm_bur7746m/v2x-mesages/build/v2x -- -j8 -l8
