[0.000000] (-) TimerEvent: {}
[0.000665] (v2x) JobQueued: {'identifier': 'v2x', 'dependencies': OrderedDict()}
[0.000729] (v2x) JobStarted: {'identifier': 'v2x'}
[0.099713] (-) TimerEvent: {}
[0.157644] (v2x) JobProgress: {'identifier': 'v2x', 'progress': 'cmake'}
[0.159219] (v2x) JobProgress: {'identifier': 'v2x', 'progress': 'build'}
[0.159323] (v2x) Command: {'cmd': ['/usr/bin/cmake', '--build', '/home/adm_bur7746m/v2x-mesages/build/v2x', '--', '-j8', '-l8'], 'cwd': '/home/adm_bur7746m/v2x-mesages/build/v2x', 'env': OrderedDict([('LESSOPEN', '| /usr/bin/lesspipe %s'), ('USER', 'adm_bur7746m'), ('XDG_SESSION_TYPE', 'x11'), ('SHLVL', '1'), ('LD_LIBRARY_PATH', '/opt/ros/humble/opt/rviz_ogre_vendor/lib:/opt/ros/humble/lib/x86_64-linux-gnu:/opt/ros/humble/lib:/opt/ros/foxy/opt/yaml_cpp_vendor/lib:/opt/ros/foxy/opt/rviz_ogre_vendor/lib:/opt/ros/foxy/lib/x86_64-linux-gnu:/opt/ros/foxy/lib'), ('HOME', '/home/adm_bur7746m'), ('OLDPWD', '/home/adm_bur7746m/v2x-mesages/install'), ('DESKTOP_SESSION', 'ubuntu'), ('ROS_PYTHON_VERSION', '3'), ('GNOME_SHELL_SESSION_MODE', 'ubuntu'), ('GTK_MODULES', 'gail:atk-bridge'), ('SYSTEMD_EXEC_PID', '4624'), ('DBUS_SESSION_BUS_ADDRESS', 'unix:path=/run/user/1001/bus'), ('COLORTERM', 'truecolor'), ('LIBVIRT_DEFAULT_URI', 'qemu:///system'), ('MANDATORY_PATH', '/usr/share/gconf/ubuntu.mandatory.path'), ('IM_CONFIG_PHASE', '1'), ('COLCON_PREFIX_PATH', '/home/adm_bur7746m/v2x-mesages/install'), ('ROS_DISTRO', 'humble'), ('GTK_IM_MODULE', 'ibus'), ('LOGNAME', 'adm_bur7746m'), ('_', '/usr/bin/colcon'), ('ROS_VERSION', '2'), ('XDG_SESSION_CLASS', 'user'), ('DEFAULTS_PATH', '/usr/share/gconf/ubuntu.default.path'), ('USERNAME', 'adm_bur7746m'), ('TERM', 'xterm-256color'), ('GNOME_DESKTOP_SESSION_ID', 'this-is-deprecated'), ('ROS_LOCALHOST_ONLY', '0'), ('WINDOWPATH', '2'), ('PATH', '/opt/ros/humble/bin:/opt/ros/foxy/bin:/home/adm_bur7746m/.local/bin:/usr/local/sbin:/usr/local/bin:/usr/sbin:/usr/bin:/sbin:/bin:/usr/games:/usr/local/games:/snap/bin:/snap/bin'), ('SESSION_MANAGER', 'local/FMA-PC-KC07lx:@/tmp/.ICE-unix/3857,unix/FMA-PC-KC07lx:/tmp/.ICE-unix/3857'), ('XDG_MENU_PREFIX', 'gnome-'), ('GNOME_TERMINAL_SCREEN', '/org/gnome/Terminal/screen/07e5fd79_6a94_4a85_9584_e5e5bb456100'), ('XDG_RUNTIME_DIR', '/run/user/1001'), ('DISPLAY', ':1'), ('LANG', 'de_DE.UTF-8'), ('XDG_CURRENT_DESKTOP', 'ubuntu:GNOME'), ('XMODIFIERS', '@im=ibus'), ('XDG_SESSION_DESKTOP', 'ubuntu'), ('XAUTHORITY', '/run/user/1001/gdm/Xauthority'), ('LS_COLORS', 'rs=0:di=01;34:ln=01;36:mh=00:pi=40;33:so=01;35:do=01;35:bd=40;33;01:cd=40;33;01:or=40;31;01:mi=00:su=37;41:sg=30;43:ca=30;41:tw=30;42:ow=34;42:st=37;44:ex=01;32:*.tar=01;31:*.tgz=01;31:*.arc=01;31:*.arj=01;31:*.taz=01;31:*.lha=01;31:*.lz4=01;31:*.lzh=01;31:*.lzma=01;31:*.tlz=01;31:*.txz=01;31:*.tzo=01;31:*.t7z=01;31:*.zip=01;31:*.z=01;31:*.dz=01;31:*.gz=01;31:*.lrz=01;31:*.lz=01;31:*.lzo=01;31:*.xz=01;31:*.zst=01;31:*.tzst=01;31:*.bz2=01;31:*.bz=01;31:*.tbz=01;31:*.tbz2=01;31:*.tz=01;31:*.deb=01;31:*.rpm=01;31:*.jar=01;31:*.war=01;31:*.ear=01;31:*.sar=01;31:*.rar=01;31:*.alz=01;31:*.ace=01;31:*.zoo=01;31:*.cpio=01;31:*.7z=01;31:*.rz=01;31:*.cab=01;31:*.wim=01;31:*.swm=01;31:*.dwm=01;31:*.esd=01;31:*.jpg=01;35:*.jpeg=01;35:*.mjpg=01;35:*.mjpeg=01;35:*.gif=01;35:*.bmp=01;35:*.pbm=01;35:*.pgm=01;35:*.ppm=01;35:*.tga=01;35:*.xbm=01;35:*.xpm=01;35:*.tif=01;35:*.tiff=01;35:*.png=01;35:*.svg=01;35:*.svgz=01;35:*.mng=01;35:*.pcx=01;35:*.mov=01;35:*.mpg=01;35:*.mpeg=01;35:*.m2v=01;35:*.mkv=01;35:*.webm=01;35:*.webp=01;35:*.ogm=01;35:*.mp4=01;35:*.m4v=01;35:*.mp4v=01;35:*.vob=01;35:*.qt=01;35:*.nuv=01;35:*.wmv=01;35:*.asf=01;35:*.rm=01;35:*.rmvb=01;35:*.flc=01;35:*.avi=01;35:*.fli=01;35:*.flv=01;35:*.gl=01;35:*.dl=01;35:*.xcf=01;35:*.xwd=01;35:*.yuv=01;35:*.cgm=01;35:*.emf=01;35:*.ogv=01;35:*.ogx=01;35:*.aac=00;36:*.au=00;36:*.flac=00;36:*.m4a=00;36:*.mid=00;36:*.midi=00;36:*.mka=00;36:*.mp3=00;36:*.mpc=00;36:*.ogg=00;36:*.ra=00;36:*.wav=00;36:*.oga=00;36:*.opus=00;36:*.spx=00;36:*.xspf=00;36:'), ('GNOME_TERMINAL_SERVICE', ':1.90'), ('SSH_AGENT_LAUNCHER', 'gnome-keyring'), ('SSH_AUTH_SOCK', '/run/user/1001/keyring/ssh'), ('ROS_DOMAIN_ID', '62'), ('AMENT_PREFIX_PATH', '/opt/ros/humble:/opt/ros/foxy'), ('SHELL', '/bin/bash'), ('QT_ACCESSIBILITY', '1'), ('GDMSESSION', 'ubuntu'), ('LESSCLOSE', '/usr/bin/lesspipe %s %s'), ('GPG_AGENT_INFO', '/run/user/1001/gnupg/S.gpg-agent:0:1'), ('QT_IM_MODULE', 'ibus'), ('JAVA_HOME', 'JAVA_HOME=/usr/lib/jvm/java-11-openjdk-amd64/bin/java'), ('PWD', '/home/adm_bur7746m/v2x-mesages/build/v2x'), ('XDG_CONFIG_DIRS', '/etc/xdg/xdg-ubuntu:/etc/xdg'), ('XDG_DATA_DIRS', '/usr/share/ubuntu:/usr/share/gnome:/home/adm_bur7746m/.local/share/flatpak/exports/share:/var/lib/flatpak/exports/share:/usr/local/share/:/usr/share/:/var/lib/snapd/desktop'), ('PYTHONPATH', '/opt/ros/humble/lib/python3.10/site-packages:/opt/ros/humble/local/lib/python3.10/dist-packages:/opt/ros/foxy/lib/python3.8/site-packages'), ('COLCON', '1'), ('VTE_VERSION', '6800'), ('CMAKE_PREFIX_PATH', '/opt/ros/humble:/opt/ros/foxy')]), 'shell': False}
[0.194649] (v2x) StdoutLine: {'line': b'-- Found ament_cmake: 1.3.5 (/opt/ros/humble/share/ament_cmake/cmake)\n'}
[0.199793] (-) TimerEvent: {}
[0.300052] (-) TimerEvent: {}
[0.379490] (v2x) StdoutLine: {'line': b'-- Found rosidl_default_generators: 1.2.0 (/opt/ros/humble/share/rosidl_default_generators/cmake)\n'}
[0.384837] (v2x) StdoutLine: {'line': b'-- Using all available rosidl_typesupport_c: rosidl_typesupport_fastrtps_c;rosidl_typesupport_introspection_c\n'}
[0.393596] (v2x) StdoutLine: {'line': b'-- Found rosidl_adapter: 3.1.5 (/opt/ros/humble/share/rosidl_adapter/cmake)\n'}
[0.400171] (-) TimerEvent: {}
[0.455900] (v2x) StdoutLine: {'line': b'-- Using all available rosidl_typesupport_cpp: rosidl_typesupport_fastrtps_cpp;rosidl_typesupport_introspection_cpp\n'}
[0.500287] (-) TimerEvent: {}
[0.600613] (-) TimerEvent: {}
[0.700894] (-) TimerEvent: {}
[0.801202] (-) TimerEvent: {}
[0.810711] (v2x) StdoutLine: {'line': b'-- Found ament_cmake_ros: 0.10.0 (/opt/ros/humble/share/ament_cmake_ros/cmake)\n'}
[0.901308] (-) TimerEvent: {}
[1.001645] (-) TimerEvent: {}
[1.076254] (v2x) StdoutLine: {'line': b'-- Using all available rosidl_typesupport_c: rosidl_typesupport_fastrtps_c;rosidl_typesupport_introspection_c\n'}
[1.101755] (-) TimerEvent: {}
[1.202065] (-) TimerEvent: {}
[1.302385] (-) TimerEvent: {}
[1.402678] (-) TimerEvent: {}
[1.423537] (v2x) StdoutLine: {'line': b'-- Using all available rosidl_typesupport_cpp: rosidl_typesupport_fastrtps_cpp;rosidl_typesupport_introspection_cpp\n'}
[1.455078] (v2x) StdoutLine: {'line': b'-- Found python_cmake_module: 0.10.0 (/opt/ros/humble/share/python_cmake_module/cmake)\n'}
[1.485628] (v2x) StdoutLine: {'line': b'-- Using PYTHON_EXECUTABLE: /usr/bin/python3\n'}
[1.485981] (v2x) StdoutLine: {'line': b'-- Using PYTHON_INCLUDE_DIRS: /usr/include/python3.10\n'}
[1.486210] (v2x) StdoutLine: {'line': b'-- Using PYTHON_LIBRARIES: /usr/lib/x86_64-linux-gnu/libpython3.10.so\n'}
[1.502808] (-) TimerEvent: {}
[1.511772] (v2x) StdoutLine: {'line': b'-- Found ament_lint_auto: 0.12.8 (/opt/ros/humble/share/ament_lint_auto/cmake)\n'}
[1.532407] (v2x) StdoutLine: {'line': b"-- Added test 'copyright' to check source files copyright and LICENSE\n"}
[1.585343] (v2x) StdoutLine: {'line': b"-- Added test 'cppcheck' to perform static code analysis on C / C++ code\n"}
[1.586420] (v2x) StdoutLine: {'line': b'-- Configured cppcheck include dirs: $<BUILD_INTERFACE:/home/adm_bur7746m/v2x-mesages/build/v2x/rosidl_generator_c>;$<BUILD_INTERFACE:/home/adm_bur7746m/v2x-mesages/build/v2x/rosidl_typesupport_fastrtps_c>;$<BUILD_INTERFACE:/home/adm_bur7746m/v2x-mesages/build/v2x/rosidl_typesupport_introspection_c>;$<BUILD_INTERFACE:/home/adm_bur7746m/v2x-mesages/build/v2x/rosidl_generator_cpp>;$<BUILD_INTERFACE:/home/adm_bur7746m/v2x-mesages/build/v2x/rosidl_typesupport_fastrtps_cpp>;$<BUILD_INTERFACE:/home/adm_bur7746m/v2x-mesages/build/v2x/rosidl_typesupport_introspection_cpp>;/home/adm_bur7746m/v2x-mesages/build/v2x/rosidl_generator_c;/home/adm_bur7746m/v2x-mesages/build/v2x/rosidl_generator_py\n'}
[1.586558] (v2x) StdoutLine: {'line': b'-- Configured cppcheck exclude dirs and/or files: \n'}
[1.602877] (-) TimerEvent: {}
[1.628882] (v2x) StdoutLine: {'line': b"-- Added test 'cpplint' to check C / C++ code against the Google style\n"}
[1.629036] (v2x) StdoutLine: {'line': b'-- Configured cpplint exclude dirs and/or files: \n'}
[1.636967] (v2x) StdoutLine: {'line': b"-- Added test 'flake8' to check Python code syntax and style conventions\n"}
[1.647783] (v2x) StdoutLine: {'line': b"-- Added test 'lint_cmake' to check CMake code style\n"}
[1.653537] (v2x) StdoutLine: {'line': b"-- Added test 'pep257' to check Python code against some of the docstring style conventions in PEP 257\n"}
[1.695245] (v2x) StdoutLine: {'line': b"-- Added test 'uncrustify' to check C / C++ code style\n"}
[1.695389] (v2x) StdoutLine: {'line': b'-- Configured uncrustify additional arguments: \n'}
[1.700781] (v2x) StdoutLine: {'line': b"-- Added test 'xmllint' to check XML markup files\n"}
[1.702897] (v2x) StdoutLine: {'line': b'-- Configuring done\n'}
[1.703028] (-) TimerEvent: {}
[1.738307] (v2x) StdoutLine: {'line': b'-- Generating done\n'}
[1.743306] (v2x) StdoutLine: {'line': b'-- Build files have been written to: /home/adm_bur7746m/v2x-mesages/build/v2x\n'}
[1.783075] (v2x) StdoutLine: {'line': b'[  3%] Built target v2x__cpp\n'}
[1.783380] (v2x) StdoutLine: {'line': b'[  6%] \x1b[32mBuilding C object CMakeFiles/v2x__rosidl_generator_c.dir/rosidl_generator_c/v2x/msg/detail/acceleration3d_with_confidence__functions.c.o\x1b[0m\n'}
[1.793965] (v2x) StdoutLine: {'line': b'[  6%] Built target ament_cmake_python_copy_v2x\n'}
[1.801127] (v2x) StderrLine: {'line': b'In file included from \x1b[01m\x1b[K/home/adm_bur7746m/v2x-mesages/build/v2x/rosidl_generator_c/v2x/msg/detail/acceleration3d_with_confidence__functions.h:19\x1b[m\x1b[K,\n'}
[1.801430] (v2x) StderrLine: {'line': b'                 from \x1b[01m\x1b[K/home/adm_bur7746m/v2x-mesages/build/v2x/rosidl_generator_c/v2x/msg/detail/acceleration3d_with_confidence__functions.c:4\x1b[m\x1b[K:\n'}
[1.801604] (v2x) StderrLine: {'line': b'\x1b[01m\x1b[K/home/adm_bur7746m/v2x-mesages/build/v2x/rosidl_generator_c/v2x/msg/detail/acceleration3d_with_confidence__struct.h:22:10:\x1b[m\x1b[K \x1b[01;31m\x1b[Kfatal error: \x1b[m\x1b[Kv2x/msg/detail/acceleration_polar_with_z__struct.h: Datei oder Verzeichnis nicht gefunden\n'}
[1.801781] (v2x) StderrLine: {'line': b'   22 | #include \x1b[01;31m\x1b[K"v2x/msg/detail/acceleration_polar_with_z__struct.h"\x1b[m\x1b[K\n'}
[1.801965] (v2x) StderrLine: {'line': b'      |          \x1b[01;31m\x1b[K^~~~~~~~~~~~~~~~~~~~~~~~~~~~~~~~~~~~~~~~~~~~~~~~~~~~\x1b[m\x1b[K\n'}
[1.802152] (v2x) StderrLine: {'line': b'compilation terminated.\n'}
[1.803129] (-) TimerEvent: {}
[1.804514] (v2x) StdoutLine: {'line': b'[  9%] \x1b[32mBuilding CXX object CMakeFiles/v2x__rosidl_typesupport_fastrtps_cpp.dir/rosidl_typesupport_fastrtps_cpp/v2x/msg/detail/dds_fastrtps/acceleration3d_with_confidence__type_support.cpp.o\x1b[0m\n'}
[1.805984] (v2x) StdoutLine: {'line': b'[ 12%] \x1b[32mBuilding CXX object CMakeFiles/v2x__rosidl_typesupport_cpp.dir/rosidl_typesupport_cpp/v2x/msg/acceleration3d_with_confidence__type_support.cpp.o\x1b[0m\n'}
[1.807172] (v2x) StdoutLine: {'line': b'[ 16%] \x1b[32mBuilding CXX object CMakeFiles/v2x__rosidl_typesupport_introspection_cpp.dir/rosidl_typesupport_introspection_cpp/v2x/msg/detail/acceleration3d_with_confidence__type_support.cpp.o\x1b[0m\n'}
[1.844801] (v2x) StderrLine: {'line': b'gmake[2]: *** [CMakeFiles/v2x__rosidl_generator_c.dir/build.make:105: CMakeFiles/v2x__rosidl_generator_c.dir/rosidl_generator_c/v2x/msg/detail/acceleration3d_with_confidence__functions.c.o] Fehler 1\n'}
[1.845137] (v2x) StderrLine: {'line': b'gmake[1]: *** [CMakeFiles/Makefile2:213: CMakeFiles/v2x__rosidl_generator_c.dir/all] Fehler 2\n'}
[1.845359] (v2x) StderrLine: {'line': b'gmake[1]: *** Auf noch nicht beendete Prozesse wird gewartet \xe2\x80\xa6\n'}
[1.871133] (v2x) StderrLine: {'line': b'In file included from \x1b[01m\x1b[K/home/adm_bur7746m/v2x-mesages/build/v2x/rosidl_typesupport_fastrtps_cpp/v2x/msg/detail/acceleration3d_with_confidence__rosidl_typesupport_fastrtps_cpp.hpp:11\x1b[m\x1b[K,\n'}
[1.871492] (v2x) StderrLine: {'line': b'                 from \x1b[01m\x1b[K/home/adm_bur7746m/v2x-mesages/build/v2x/rosidl_typesupport_fastrtps_cpp/v2x/msg/detail/dds_fastrtps/acceleration3d_with_confidence__type_support.cpp:4\x1b[m\x1b[K:\n'}
[1.871676] (v2x) StderrLine: {'line': b'\x1b[01m\x1b[K/home/adm_bur7746m/v2x-mesages/build/v2x/rosidl_generator_cpp/v2x/msg/detail/acceleration3d_with_confidence__struct.hpp:20:10:\x1b[m\x1b[K \x1b[01;31m\x1b[Kfatal error: \x1b[m\x1b[Kv2x/msg/detail/acceleration_polar_with_z__struct.hpp: Datei oder Verzeichnis nicht gefunden\n'}
[1.871870] (v2x) StderrLine: {'line': b'   20 | #include \x1b[01;31m\x1b[K"v2x/msg/detail/acceleration_polar_with_z__struct.hpp"\x1b[m\x1b[K\n'}
[1.872052] (v2x) StderrLine: {'line': b'      |          \x1b[01;31m\x1b[K^~~~~~~~~~~~~~~~~~~~~~~~~~~~~~~~~~~~~~~~~~~~~~~~~~~~~~\x1b[m\x1b[K\n'}
[1.872218] (v2x) StderrLine: {'line': b'compilation terminated.\n'}
[1.872386] (v2x) StderrLine: {'line': b'In file included from \x1b[01m\x1b[K/home/adm_bur7746m/v2x-mesages/build/v2x/rosidl_typesupport_cpp/v2x/msg/acceleration3d_with_confidence__type_support.cpp:7\x1b[m\x1b[K:\n'}
[1.872561] (v2x) StderrLine: {'line': b'\x1b[01m\x1b[K/home/adm_bur7746m/v2x-mesages/build/v2x/rosidl_generator_cpp/v2x/msg/detail/acceleration3d_with_confidence__struct.hpp:20:10:\x1b[m\x1b[K \x1b[01;31m\x1b[Kfatal error: \x1b[m\x1b[Kv2x/msg/detail/acceleration_polar_with_z__struct.hpp: Datei oder Verzeichnis nicht gefunden\n'}
[1.872737] (v2x) StderrLine: {'line': b'   20 | #include \x1b[01;31m\x1b[K"v2x/msg/detail/acceleration_polar_with_z__struct.hpp"\x1b[m\x1b[K\n'}
[1.873004] (v2x) StderrLine: {'line': b'      |          \x1b[01;31m\x1b[K^~~~~~~~~~~~~~~~~~~~~~~~~~~~~~~~~~~~~~~~~~~~~~~~~~~~~~\x1b[m\x1b[K\n'}
[1.873229] (v2x) StderrLine: {'line': b'compilation terminated.\n'}
[1.873388] (v2x) StderrLine: {'line': b'gmake[2]: *** [CMakeFiles/v2x__rosidl_typesupport_fastrtps_cpp.dir/build.make:91: CMakeFiles/v2x__rosidl_typesupport_fastrtps_cpp.dir/rosidl_typesupport_fastrtps_cpp/v2x/msg/detail/dds_fastrtps/acceleration3d_with_confidence__type_support.cpp.o] Fehler 1\n'}
[1.873549] (v2x) StderrLine: {'line': b'gmake[1]: *** [CMakeFiles/Makefile2:343: CMakeFiles/v2x__rosidl_typesupport_fastrtps_cpp.dir/all] Fehler 2\n'}
[1.873705] (v2x) StderrLine: {'line': b'gmake[2]: *** [CMakeFiles/v2x__rosidl_typesupport_cpp.dir/build.make:86: CMakeFiles/v2x__rosidl_typesupport_cpp.dir/rosidl_typesupport_cpp/v2x/msg/acceleration3d_with_confidence__type_support.cpp.o] Fehler 1\n'}
[1.873863] (v2x) StderrLine: {'line': b'gmake[1]: *** [CMakeFiles/Makefile2:395: CMakeFiles/v2x__rosidl_typesupport_cpp.dir/all] Fehler 2\n'}
[1.877941] (v2x) StderrLine: {'line': b'In file included from \x1b[01m\x1b[K/home/adm_bur7746m/v2x-mesages/build/v2x/rosidl_typesupport_introspection_cpp/v2x/msg/detail/acceleration3d_with_confidence__type_support.cpp:12\x1b[m\x1b[K:\n'}
[1.878152] (v2x) StderrLine: {'line': b'\x1b[01m\x1b[K/home/adm_bur7746m/v2x-mesages/build/v2x/rosidl_generator_cpp/v2x/msg/detail/acceleration3d_with_confidence__struct.hpp:20:10:\x1b[m\x1b[K \x1b[01;31m\x1b[Kfatal error: \x1b[m\x1b[Kv2x/msg/detail/acceleration_polar_with_z__struct.hpp: Datei oder Verzeichnis nicht gefunden\n'}
[1.878318] (v2x) StderrLine: {'line': b'   20 | #include \x1b[01;31m\x1b[K"v2x/msg/detail/acceleration_polar_with_z__struct.hpp"\x1b[m\x1b[K\n'}
[1.878483] (v2x) StderrLine: {'line': b'      |          \x1b[01;31m\x1b[K^~~~~~~~~~~~~~~~~~~~~~~~~~~~~~~~~~~~~~~~~~~~~~~~~~~~~~\x1b[m\x1b[K\n'}
[1.878646] (v2x) StderrLine: {'line': b'compilation terminated.\n'}
[1.879588] (v2x) StderrLine: {'line': b'gmake[2]: *** [CMakeFiles/v2x__rosidl_typesupport_introspection_cpp.dir/build.make:91: CMakeFiles/v2x__rosidl_typesupport_introspection_cpp.dir/rosidl_typesupport_introspection_cpp/v2x/msg/detail/acceleration3d_with_confidence__type_support.cpp.o] Fehler 1\n'}
[1.879798] (v2x) StderrLine: {'line': b'gmake[1]: *** [CMakeFiles/Makefile2:369: CMakeFiles/v2x__rosidl_typesupport_introspection_cpp.dir/all] Fehler 2\n'}
[1.903244] (-) TimerEvent: {}
[2.003594] (-) TimerEvent: {}
[2.103954] (-) TimerEvent: {}
[2.162107] (v2x) StdoutLine: {'line': b'running egg_info\n'}
[2.162908] (v2x) StdoutLine: {'line': b'writing v2x.egg-info/PKG-INFO\n'}
[2.163522] (v2x) StdoutLine: {'line': b'writing dependency_links to v2x.egg-info/dependency_links.txt\n'}
[2.163984] (v2x) StdoutLine: {'line': b'writing top-level names to v2x.egg-info/top_level.txt\n'}
[2.168510] (v2x) StdoutLine: {'line': b"reading manifest file 'v2x.egg-info/SOURCES.txt'\n"}
[2.169198] (v2x) StdoutLine: {'line': b"writing manifest file 'v2x.egg-info/SOURCES.txt'\n"}
[2.199852] (v2x) StdoutLine: {'line': b'[ 16%] Built target ament_cmake_python_build_v2x_egg\n'}
[2.201486] (v2x) StderrLine: {'line': b'gmake: *** [Makefile:146: all] Fehler 2\n'}
[2.203800] (v2x) CommandEnded: {'returncode': 2}
[2.204734] (-) TimerEvent: {}
[2.305644] (-) TimerEvent: {}
[2.384687] (v2x) JobEnded: {'identifier': 'v2x', 'rc': 2}
[2.395400] (-) EventReactorShutdown: {}
