[0.153s] Invoking command in '/home/adm_bur7746m/v2x-mesages/build/v2x': CMAKE_PREFIX_PATH=/opt/ros/humble:/opt/ros/foxy /usr/bin/cmake /home/adm_bur7746m/v2x-mesages -DCMAKE_INSTALL_PREFIX=/home/adm_bur7746m/v2x-mesages/install/v2x
[0.213s] -- The C compiler identification is GNU 11.4.0
[0.281s] -- The CXX compiler identification is GNU 11.4.0
[0.290s] -- Detecting C compiler ABI info
[0.367s] -- Detecting C compiler ABI info - done
[0.377s] -- Check for working C compiler: /usr/bin/cc - skipped
[0.377s] -- Detecting C compile features
[0.378s] -- Detecting C compile features - done
[0.381s] -- Detecting CXX compiler ABI info
[0.469s] -- Detecting CXX compiler ABI info - done
[0.480s] -- Check for working CXX compiler: /usr/bin/c++ - skipped
[0.480s] -- Detecting CXX compile features
[0.481s] -- Detecting CXX compile features - done
[0.483s] -- Found ament_cmake: 1.3.5 (/opt/ros/humble/share/ament_cmake/cmake)
[0.693s] -- Found Python3: /usr/bin/python3.10 (found version "3.10.13") found components: Interpreter 
[0.815s] -- Found rosidl_default_generators: 1.2.0 (/opt/ros/humble/share/rosidl_default_generators/cmake)
[0.822s] -- Using all available rosidl_typesupport_c: rosidl_typesupport_fastrtps_c;rosidl_typesupport_introspection_c
[0.835s] -- Found rosidl_adapter: 3.1.5 (/opt/ros/humble/share/rosidl_adapter/cmake)
[0.896s] -- Using all available rosidl_typesupport_cpp: rosidl_typesupport_fastrtps_cpp;rosidl_typesupport_introspection_cpp
[1.243s] -- Found ament_cmake_ros: 0.10.0 (/opt/ros/humble/share/ament_cmake_ros/cmake)
[1.506s] -- Using all available rosidl_typesupport_c: rosidl_typesupport_fastrtps_c;rosidl_typesupport_introspection_c
[1.833s] -- Using all available rosidl_typesupport_cpp: rosidl_typesupport_fastrtps_cpp;rosidl_typesupport_introspection_cpp
[1.867s] -- Found PythonInterp: /usr/bin/python3 (found suitable version "3.10.13", minimum required is "3.6") 
[1.868s] -- Found python_cmake_module: 0.10.0 (/opt/ros/humble/share/python_cmake_module/cmake)
[1.906s] -- Found PythonLibs: /usr/lib/x86_64-linux-gnu/libpython3.10.so (found suitable version "3.10.13", minimum required is "3.5") 
[1.906s] -- Using PYTHON_EXECUTABLE: /usr/bin/python3
[1.906s] -- Using PYTHON_INCLUDE_DIRS: /usr/include/python3.10
[1.906s] -- Using PYTHON_LIBRARIES: /usr/lib/x86_64-linux-gnu/libpython3.10.so
[1.938s] -- Found PythonExtra: .so  
[1.978s] -- Found ament_lint_auto: 0.12.8 (/opt/ros/humble/share/ament_lint_auto/cmake)
[2.008s] -- Added test 'copyright' to check source files copyright and LICENSE
[2.050s] -- Added test 'cppcheck' to perform static code analysis on C / C++ code
[2.051s] -- Configured cppcheck include dirs: $<BUILD_INTERFACE:/home/adm_bur7746m/v2x-mesages/build/v2x/rosidl_generator_c>;$<BUILD_INTERFACE:/home/adm_bur7746m/v2x-mesages/build/v2x/rosidl_typesupport_fastrtps_c>;$<BUILD_INTERFACE:/home/adm_bur7746m/v2x-mesages/build/v2x/rosidl_typesupport_introspection_c>;$<BUILD_INTERFACE:/home/adm_bur7746m/v2x-mesages/build/v2x/rosidl_generator_cpp>;$<BUILD_INTERFACE:/home/adm_bur7746m/v2x-mesages/build/v2x/rosidl_typesupport_fastrtps_cpp>;$<BUILD_INTERFACE:/home/adm_bur7746m/v2x-mesages/build/v2x/rosidl_typesupport_introspection_cpp>;/home/adm_bur7746m/v2x-mesages/build/v2x/rosidl_generator_c;/home/adm_bur7746m/v2x-mesages/build/v2x/rosidl_generator_py
[2.051s] -- Configured cppcheck exclude dirs and/or files: 
[2.086s] -- Added test 'cpplint' to check C / C++ code against the Google style
[2.086s] -- Configured cpplint exclude dirs and/or files: 
[2.104s] -- Added test 'flake8' to check Python code syntax and style conventions
[2.105s] -- Added test 'lint_cmake' to check CMake code style
[2.111s] -- Added test 'pep257' to check Python code against some of the docstring style conventions in PEP 257
[2.144s] -- Added test 'uncrustify' to check C / C++ code style
[2.144s] -- Configured uncrustify additional arguments: 
[2.150s] -- Added test 'xmllint' to check XML markup files
[2.155s] -- Configuring done
[2.197s] -- Generating done
[2.200s] -- Build files have been written to: /home/adm_bur7746m/v2x-mesages/build/v2x
[2.208s] Invoked command in '/home/adm_bur7746m/v2x-mesages/build/v2x' returned '0': CMAKE_PREFIX_PATH=/opt/ros/humble:/opt/ros/foxy /usr/bin/cmake /home/adm_bur7746m/v2x-mesages -DCMAKE_INSTALL_PREFIX=/home/adm_bur7746m/v2x-mesages/install/v2x
[2.211s] Invoking command in '/home/adm_bur7746m/v2x-mesages/build/v2x': CMAKE_PREFIX_PATH=/opt/ros/humble:/opt/ros/foxy /usr/bin/cmake --build /home/adm_bur7746m/v2x-mesages/build/v2x -- -j8 -l8
[2.254s] [  3%] [34m[1mGenerating C code for ROS interfaces[0m
[2.264s] [  6%] [34m[1mGenerating C++ code for ROS interfaces[0m
[2.273s] [  6%] Built target ament_cmake_python_copy_v2x
[2.598s] [  6%] Built target v2x__cpp
[2.608s] [  9%] [32mBuilding C object CMakeFiles/v2x__rosidl_generator_c.dir/rosidl_generator_c/v2x/msg/detail/acceleration3d_with_confidence__functions.c.o[0m
[2.609s] [ 12%] [34m[1mGenerating C++ type support dispatch for ROS interfaces[0m
[2.609s] [ 16%] [34m[1mGenerating C++ introspection for ROS interfaces[0m
[2.613s] [ 19%] [34m[1mGenerating C++ type support for eProsima Fast-RTPS[0m
[2.631s] In file included from [01m[K/home/adm_bur7746m/v2x-mesages/build/v2x/rosidl_generator_c/v2x/msg/detail/acceleration3d_with_confidence__functions.h:19[m[K,
[2.631s]                  from [01m[K/home/adm_bur7746m/v2x-mesages/build/v2x/rosidl_generator_c/v2x/msg/detail/acceleration3d_with_confidence__functions.c:4[m[K:
[2.631s] [01m[K/home/adm_bur7746m/v2x-mesages/build/v2x/rosidl_generator_c/v2x/msg/detail/acceleration3d_with_confidence__struct.h:22:10:[m[K [01;31m[Kfatal error: [m[Kv2x/msg/detail/acceleration_polar_with_z__struct.h: Datei oder Verzeichnis nicht gefunden
[2.631s]    22 | #include [01;31m[K"v2x/msg/detail/acceleration_polar_with_z__struct.h"[m[K
[2.631s]       |          [01;31m[K^~~~~~~~~~~~~~~~~~~~~~~~~~~~~~~~~~~~~~~~~~~~~~~~~~~~[m[K
[2.632s] compilation terminated.
[2.632s] gmake[2]: *** [CMakeFiles/v2x__rosidl_generator_c.dir/build.make:105: CMakeFiles/v2x__rosidl_generator_c.dir/rosidl_generator_c/v2x/msg/detail/acceleration3d_with_confidence__functions.c.o] Fehler 1
[2.632s] gmake[1]: *** [CMakeFiles/Makefile2:213: CMakeFiles/v2x__rosidl_generator_c.dir/all] Fehler 2
[2.633s] gmake[1]: *** Auf noch nicht beendete Prozesse wird gewartet â€¦
[2.663s] running egg_info
[2.664s] creating v2x.egg-info
[2.664s] writing v2x.egg-info/PKG-INFO
[2.664s] writing dependency_links to v2x.egg-info/dependency_links.txt
[2.665s] writing top-level names to v2x.egg-info/top_level.txt
[2.668s] writing manifest file 'v2x.egg-info/SOURCES.txt'
[2.670s] reading manifest file 'v2x.egg-info/SOURCES.txt'
[2.670s] writing manifest file 'v2x.egg-info/SOURCES.txt'
[2.703s] [ 19%] Built target ament_cmake_python_build_v2x_egg
[2.912s] [ 22%] [32mBuilding CXX object CMakeFiles/v2x__rosidl_typesupport_cpp.dir/rosidl_typesupport_cpp/v2x/msg/acceleration3d_with_confidence__type_support.cpp.o[0m
[2.933s] [ 25%] [32mBuilding CXX object CMakeFiles/v2x__rosidl_typesupport_introspection_cpp.dir/rosidl_typesupport_introspection_cpp/v2x/msg/detail/acceleration3d_with_confidence__type_support.cpp.o[0m
[2.964s] [ 29%] [32mBuilding CXX object CMakeFiles/v2x__rosidl_typesupport_fastrtps_cpp.dir/rosidl_typesupport_fastrtps_cpp/v2x/msg/detail/dds_fastrtps/acceleration3d_with_confidence__type_support.cpp.o[0m
[2.978s] In file included from [01m[K/home/adm_bur7746m/v2x-mesages/build/v2x/rosidl_typesupport_cpp/v2x/msg/acceleration3d_with_confidence__type_support.cpp:7[m[K:
[2.978s] [01m[K/home/adm_bur7746m/v2x-mesages/build/v2x/rosidl_generator_cpp/v2x/msg/detail/acceleration3d_with_confidence__struct.hpp:20:10:[m[K [01;31m[Kfatal error: [m[Kv2x/msg/detail/acceleration_polar_with_z__struct.hpp: Datei oder Verzeichnis nicht gefunden
[2.978s]    20 | #include [01;31m[K"v2x/msg/detail/acceleration_polar_with_z__struct.hpp"[m[K
[2.978s]       |          [01;31m[K^~~~~~~~~~~~~~~~~~~~~~~~~~~~~~~~~~~~~~~~~~~~~~~~~~~~~~[m[K
[2.978s] compilation terminated.
[2.979s] gmake[2]: *** [CMakeFiles/v2x__rosidl_typesupport_cpp.dir/build.make:86: CMakeFiles/v2x__rosidl_typesupport_cpp.dir/rosidl_typesupport_cpp/v2x/msg/acceleration3d_with_confidence__type_support.cpp.o] Fehler 1
[2.979s] gmake[1]: *** [CMakeFiles/Makefile2:395: CMakeFiles/v2x__rosidl_typesupport_cpp.dir/all] Fehler 2
[3.002s] In file included from [01m[K/home/adm_bur7746m/v2x-mesages/build/v2x/rosidl_typesupport_introspection_cpp/v2x/msg/detail/acceleration3d_with_confidence__type_support.cpp:12[m[K:
[3.002s] [01m[K/home/adm_bur7746m/v2x-mesages/build/v2x/rosidl_generator_cpp/v2x/msg/detail/acceleration3d_with_confidence__struct.hpp:20:10:[m[K [01;31m[Kfatal error: [m[Kv2x/msg/detail/acceleration_polar_with_z__struct.hpp: Datei oder Verzeichnis nicht gefunden
[3.002s]    20 | #include [01;31m[K"v2x/msg/detail/acceleration_polar_with_z__struct.hpp"[m[K
[3.002s]       |          [01;31m[K^~~~~~~~~~~~~~~~~~~~~~~~~~~~~~~~~~~~~~~~~~~~~~~~~~~~~~[m[K
[3.003s] compilation terminated.
[3.004s] gmake[2]: *** [CMakeFiles/v2x__rosidl_typesupport_introspection_cpp.dir/build.make:91: CMakeFiles/v2x__rosidl_typesupport_introspection_cpp.dir/rosidl_typesupport_introspection_cpp/v2x/msg/detail/acceleration3d_with_confidence__type_support.cpp.o] Fehler 1
[3.004s] gmake[1]: *** [CMakeFiles/Makefile2:369: CMakeFiles/v2x__rosidl_typesupport_introspection_cpp.dir/all] Fehler 2
[3.025s] In file included from [01m[K/home/adm_bur7746m/v2x-mesages/build/v2x/rosidl_typesupport_fastrtps_cpp/v2x/msg/detail/acceleration3d_with_confidence__rosidl_typesupport_fastrtps_cpp.hpp:11[m[K,
[3.025s]                  from [01m[K/home/adm_bur7746m/v2x-mesages/build/v2x/rosidl_typesupport_fastrtps_cpp/v2x/msg/detail/dds_fastrtps/acceleration3d_with_confidence__type_support.cpp:4[m[K:
[3.025s] [01m[K/home/adm_bur7746m/v2x-mesages/build/v2x/rosidl_generator_cpp/v2x/msg/detail/acceleration3d_with_confidence__struct.hpp:20:10:[m[K [01;31m[Kfatal error: [m[Kv2x/msg/detail/acceleration_polar_with_z__struct.hpp: Datei oder Verzeichnis nicht gefunden
[3.025s]    20 | #include [01;31m[K"v2x/msg/detail/acceleration_polar_with_z__struct.hpp"[m[K
[3.025s]       |          [01;31m[K^~~~~~~~~~~~~~~~~~~~~~~~~~~~~~~~~~~~~~~~~~~~~~~~~~~~~~[m[K
[3.025s] compilation terminated.
[3.027s] gmake[2]: *** [CMakeFiles/v2x__rosidl_typesupport_fastrtps_cpp.dir/build.make:91: CMakeFiles/v2x__rosidl_typesupport_fastrtps_cpp.dir/rosidl_typesupport_fastrtps_cpp/v2x/msg/detail/dds_fastrtps/acceleration3d_with_confidence__type_support.cpp.o] Fehler 1
[3.027s] gmake[1]: *** [CMakeFiles/Makefile2:343: CMakeFiles/v2x__rosidl_typesupport_fastrtps_cpp.dir/all] Fehler 2
[3.027s] gmake: *** [Makefile:146: all] Fehler 2
[3.030s] Invoked command in '/home/adm_bur7746m/v2x-mesages/build/v2x' returned '2': CMAKE_PREFIX_PATH=/opt/ros/humble:/opt/ros/foxy /usr/bin/cmake --build /home/adm_bur7746m/v2x-mesages/build/v2x -- -j8 -l8
